#
# There is insufficient memory for the Java Runtime Environment to continue.
# Native memory allocation (malloc) failed to allocate 914608 bytes for Chunk::new
# Possible reasons:
#   The system is out of physical RAM or swap space
#   In 32 bit mode, the process size limit was hit
# Possible solutions:
#   Reduce memory load on the system
#   Increase physical memory or swap space
#   Check if swap backing store is full
#   Use 64 bit Java on a 64 bit OS
#   Decrease Java heap size (-Xmx/-Xms)
#   Decrease number of Java threads
#   Decrease Java thread stack sizes (-Xss)
#   Set larger code cache with -XX:ReservedCodeCacheSize=
# This output file may be truncated or incomplete.
#
#  Out of Memory Error (allocation.cpp:390), pid=6348, tid=6260
#
# JRE version: Java(TM) SE Runtime Environment (8.0_25-b18) (build 1.8.0_25-b18)
# Java VM: Java HotSpot(TM) 64-Bit Server VM (25.25-b02 mixed mode windows-amd64 compressed oops)
# Failed to write core dump. Minidumps are not enabled by default on client versions of Windows
#

---------------  T H R E A D  ---------------

Current thread (0x000000001d844800):  JavaThread "C2 CompilerThread1" daemon [_thread_in_native, id=6260, stack(0x000000001dcc0000,0x000000001ddc0000)]

Stack: [0x000000001dcc0000,0x000000001ddc0000]
Native frames: (J=compiled Java code, j=interpreted, Vv=VM code, C=native code)
V  [jvm.dll+0x31667a]


Current CompileTask:
C2:   4123 1795   !   4       com.android.dx.cf.code.BytecodeArray::parseInstruction (2764 bytes)


---------------  P R O C E S S  ---------------

Java Threads: ( => current thread )
  0x000000001d8ab000 JavaThread "Service Thread" daemon [_thread_blocked, id=5804, stack(0x000000001dff0000,0x000000001e0f0000)]
  0x000000001bf1d800 JavaThread "C1 CompilerThread2" daemon [_thread_blocked, id=7048, stack(0x000000001de10000,0x000000001df10000)]
=>0x000000001d844800 JavaThread "C2 CompilerThread1" daemon [_thread_in_native, id=6260, stack(0x000000001dcc0000,0x000000001ddc0000)]
  0x000000001bf15000 JavaThread "C2 CompilerThread0" daemon [_thread_in_native, id=1140, stack(0x000000001d740000,0x000000001d840000)]
  0x000000001bf13800 JavaThread "Attach Listener" daemon [_thread_blocked, id=5904, stack(0x000000001d490000,0x000000001d590000)]
  0x000000001bf10800 JavaThread "Signal Dispatcher" daemon [_thread_blocked, id=5500, stack(0x000000001d150000,0x000000001d250000)]
  0x000000001beb2000 JavaThread "Finalizer" daemon [_thread_blocked, id=6716, stack(0x000000001d2e0000,0x000000001d3e0000)]
  0x000000001bea9000 JavaThread "Reference Handler" daemon [_thread_blocked, id=5948, stack(0x000000001cff0000,0x000000001d0f0000)]
  0x00000000002ae000 JavaThread "main" [_thread_in_Java, id=7164, stack(0x0000000002130000,0x0000000002230000)]

Other Threads:
  0x000000001bea5800 VMThread [stack: 0x000000001ce70000,0x000000001cf70000] [id=2304]
  0x000000001d8ce000 WatcherThread [stack: 0x000000001d5a0000,0x000000001d6a0000] [id=6708]

VM state:not at safepoint (normal execution)

VM Mutex/Monitor currently owned by a thread: None

Heap:
 PSYoungGen      total 68608K, used 54363K [0x000000076ab00000, 0x000000076f300000, 0x00000007c0000000)
  eden space 63488K, 77% used [0x000000076ab00000,0x000000076db1b5f8,0x000000076e900000)
  from space 5120K, 99% used [0x000000076e900000,0x000000076edfb858,0x000000076ee00000)
  to   space 5120K, 0% used [0x000000076ee00000,0x000000076ee00000,0x000000076f300000)
 ParOldGen       total 84992K, used 23568K [0x00000006c0000000, 0x00000006c5300000, 0x000000076ab00000)
  object space 84992K, 27% used [0x00000006c0000000,0x00000006c1704328,0x00000006c5300000)
 Metaspace       used 5929K, capacity 7152K, committed 7296K, reserved 1056768K
  class space    used 574K, capacity 616K, committed 640K, reserved 1048576K

Card table byte_map: [0x00000000118c0000,0x00000000120d0000] byte_map_base: 0x000000000e2c0000

Marking Bits: (ParMarkBitMap*) 0x000000005d52d490
 Begin Bits: [0x0000000012d20000, 0x0000000016d20000)
 End Bits:   [0x0000000016d20000, 0x000000001ad20000)

Polling page: 0x0000000000230000

CodeCache: size=245760Kb used=7710Kb max_used=7710Kb free=238049Kb
 bounds [0x0000000002500000, 0x0000000002c90000, 0x0000000011500000]
 total_blobs=2069 nmethods=1809 adapters=174
 compilation: enabled

Compilation events (10 events):
Event: 4.076 Thread 0x000000001bf1d800 1855       2       com.android.dx.dex.file.ClassDataItem::addStaticField (51 bytes)
Event: 4.077 Thread 0x000000001bf1d800 nmethod 1855 0x0000000002c84f50 code [0x0000000002c85120, 0x0000000002c856c8]
Event: 4.079 Thread 0x000000001bf1d800 1856       2       com.android.dx.ssa.NormalSsaInsn::changeOneSource (120 bytes)
Event: 4.079 Thread 0x000000001bf1d800 nmethod 1856 0x0000000002c85fd0 code [0x0000000002c861c0, 0x0000000002c868f8]
Event: 4.081 Thread 0x000000001bf1d800 1857       3       com.android.dx.dex.cf.CfTranslator::translate0 (259 bytes)
Event: 4.083 Thread 0x000000001bf1d800 nmethod 1857 0x0000000002c87190 code [0x0000000002c87600, 0x0000000002c8a4b8]
Event: 4.096 Thread 0x000000001bf1d800 1858       2       com.android.dx.cf.code.BaseMachine::storeResults (90 bytes)
Event: 4.097 Thread 0x000000001bf1d800 nmethod 1858 0x0000000002c8c210 code [0x0000000002c8c3e0, 0x0000000002c8c848]
Event: 4.097 Thread 0x000000001bf1d800 1859       1       com.android.dx.ssa.LiteralOpUpgrader$1::visitPhiInsn (1 bytes)
Event: 4.097 Thread 0x000000001bf1d800 nmethod 1859 0x0000000002c0c5d0 code [0x0000000002c0c720, 0x0000000002c0c830]

GC Heap History (10 events):
Event: 2.468 GC heap before
{Heap before GC invocations=1 (full 0):
 PSYoungGen      total 36864K, used 31744K [0x000000076ab00000, 0x000000076d400000, 0x00000007c0000000)
  eden space 31744K, 100% used [0x000000076ab00000,0x000000076ca00000,0x000000076ca00000)
  from space 5120K, 0% used [0x000000076cf00000,0x000000076cf00000,0x000000076d400000)
  to   space 5120K, 0% used [0x000000076ca00000,0x000000076ca00000,0x000000076cf00000)
 ParOldGen       total 84992K, used 0K [0x00000006c0000000, 0x00000006c5300000, 0x000000076ab00000)
  object space 84992K, 0% used [0x00000006c0000000,0x00000006c0000000,0x00000006c5300000)
 Metaspace       used 5538K, capacity 6896K, committed 7040K, reserved 1056768K
  class space    used 548K, capacity 616K, committed 640K, reserved 1048576K
Event: 2.474 GC heap after
Heap after GC invocations=1 (full 0):
 PSYoungGen      total 36864K, used 5118K [0x000000076ab00000, 0x000000076d400000, 0x00000007c0000000)
  eden space 31744K, 0% used [0x000000076ab00000,0x000000076ab00000,0x000000076ca00000)
  from space 5120K, 99% used [0x000000076ca00000,0x000000076ceffa78,0x000000076cf00000)
  to   space 5120K, 0% used [0x000000076cf00000,0x000000076cf00000,0x000000076d400000)
 ParOldGen       total 84992K, used 1101K [0x00000006c0000000, 0x00000006c5300000, 0x000000076ab00000)
  object space 84992K, 1% used [0x00000006c0000000,0x00000006c01137f0,0x00000006c5300000)
 Metaspace       used 5538K, capacity 6896K, committed 7040K, reserved 1056768K
  class space    used 548K, capacity 616K, committed 640K, reserved 1048576K
}
Event: 2.767 GC heap before
{Heap before GC invocations=2 (full 0):
 PSYoungGen      total 36864K, used 36862K [0x000000076ab00000, 0x000000076d400000, 0x00000007c0000000)
  eden space 31744K, 100% used [0x000000076ab00000,0x000000076ca00000,0x000000076ca00000)
  from space 5120K, 99% used [0x000000076ca00000,0x000000076ceffa78,0x000000076cf00000)
  to   space 5120K, 0% used [0x000000076cf00000,0x000000076cf00000,0x000000076d400000)
 ParOldGen       total 84992K, used 1101K [0x00000006c0000000, 0x00000006c5300000, 0x000000076ab00000)
  object space 84992K, 1% used [0x00000006c0000000,0x00000006c01137f0,0x00000006c5300000)
 Metaspace       used 5670K, capacity 7024K, committed 7296K, reserved 1056768K
  class space    used 552K, capacity 616K, committed 640K, reserved 1048576K
Event: 2.793 GC heap after
Heap after GC invocations=2 (full 0):
 PSYoungGen      total 36864K, used 5094K [0x000000076ab00000, 0x000000076f300000, 0x00000007c0000000)
  eden space 31744K, 0% used [0x000000076ab00000,0x000000076ab00000,0x000000076ca00000)
  from space 5120K, 99% used [0x000000076cf00000,0x000000076d3f9be0,0x000000076d400000)
  to   space 5120K, 0% used [0x000000076ca00000,0x000000076ca00000,0x000000076cf00000)
 ParOldGen       total 84992K, used 5351K [0x00000006c0000000, 0x00000006c5300000, 0x000000076ab00000)
  object space 84992K, 6% used [0x00000006c0000000,0x00000006c0539e68,0x00000006c5300000)
 Metaspace       used 5670K, capacity 7024K, committed 7296K, reserved 1056768K
  class space    used 552K, capacity 616K, committed 640K, reserved 1048576K
}
Event: 3.344 GC heap before
{Heap before GC invocations=3 (full 0):
 PSYoungGen      total 36864K, used 36838K [0x000000076ab00000, 0x000000076f300000, 0x00000007c0000000)
  eden space 31744K, 100% used [0x000000076ab00000,0x000000076ca00000,0x000000076ca00000)
  from space 5120K, 99% used [0x000000076cf00000,0x000000076d3f9be0,0x000000076d400000)
  to   space 5120K, 0% used [0x000000076ca00000,0x000000076ca00000,0x000000076cf00000)
 ParOldGen       total 84992K, used 5351K [0x00000006c0000000, 0x00000006c5300000, 0x000000076ab00000)
  object space 84992K, 6% used [0x00000006c0000000,0x00000006c0539e68,0x00000006c5300000)
 Metaspace       used 5822K, capacity 7088K, committed 7296K, reserved 1056768K
  class space    used 570K, capacity 616K, committed 640K, reserved 1048576K
Event: 3.365 GC heap after
Heap after GC invocations=3 (full 0):
 PSYoungGen      total 36864K, used 5092K [0x000000076ab00000, 0x000000076f300000, 0x00000007c0000000)
  eden space 31744K, 0% used [0x000000076ab00000,0x000000076ab00000,0x000000076ca00000)
  from space 5120K, 99% used [0x000000076ca00000,0x000000076cef9200,0x000000076cf00000)
  to   space 5120K, 0% used [0x000000076ee00000,0x000000076ee00000,0x000000076f300000)
 ParOldGen       total 84992K, used 9573K [0x00000006c0000000, 0x00000006c5300000, 0x000000076ab00000)
  object space 84992K, 11% used [0x00000006c0000000,0x00000006c09596b0,0x00000006c5300000)
 Metaspace       used 5822K, capacity 7088K, committed 7296K, reserved 1056768K
  class space    used 570K, capacity 616K, committed 640K, reserved 1048576K
}
Event: 3.541 GC heap before
{Heap before GC invocations=4 (full 0):
 PSYoungGen      total 36864K, used 36836K [0x000000076ab00000, 0x000000076f300000, 0x00000007c0000000)
  eden space 31744K, 100% used [0x000000076ab00000,0x000000076ca00000,0x000000076ca00000)
  from space 5120K, 99% used [0x000000076ca00000,0x000000076cef9200,0x000000076cf00000)
  to   space 5120K, 0% used [0x000000076ee00000,0x000000076ee00000,0x000000076f300000)
 ParOldGen       total 84992K, used 9573K [0x00000006c0000000, 0x00000006c5300000, 0x000000076ab00000)
  object space 84992K, 11% used [0x00000006c0000000,0x00000006c09596b0,0x00000006c5300000)
 Metaspace       used 5847K, capacity 7088K, committed 7296K, reserved 1056768K
  class space    used 570K, capacity 616K, committed 640K, reserved 1048576K
Event: 3.554 GC heap after
Heap after GC invocations=4 (full 0):
 PSYoungGen      total 68608K, used 5108K [0x000000076ab00000, 0x000000076f300000, 0x00000007c0000000)
  eden space 63488K, 0% used [0x000000076ab00000,0x000000076ab00000,0x000000076e900000)
  from space 5120K, 99% used [0x000000076ee00000,0x000000076f2fd1f0,0x000000076f300000)
  to   space 5120K, 0% used [0x000000076e900000,0x000000076e900000,0x000000076ee00000)
 ParOldGen       total 84992K, used 14304K [0x00000006c0000000, 0x00000006c5300000, 0x000000076ab00000)
  object space 84992K, 16% used [0x00000006c0000000,0x00000006c0df8068,0x00000006c5300000)
 Metaspace       used 5847K, capacity 7088K, committed 7296K, reserved 1056768K
  class space    used 570K, capacity 616K, committed 640K, reserved 1048576K
}
Event: 3.905 GC heap before
{Heap before GC invocations=5 (full 0):
 PSYoungGen      total 68608K, used 68596K [0x000000076ab00000, 0x000000076f300000, 0x00000007c0000000)
  eden space 63488K, 100% used [0x000000076ab00000,0x000000076e900000,0x000000076e900000)
  from space 5120K, 99% used [0x000000076ee00000,0x000000076f2fd1f0,0x000000076f300000)
  to   space 5120K, 0% used [0x000000076e900000,0x000000076e900000,0x000000076ee00000)
 ParOldGen       total 84992K, used 14304K [0x00000006c0000000, 0x00000006c5300000, 0x000000076ab00000)
  object space 84992K, 16% used [0x00000006c0000000,0x00000006c0df8068,0x00000006c5300000)
 Metaspace       used 5882K, capacity 7088K, committed 7296K, reserved 1056768K
  class space    used 570K, capacity 616K, committed 640K, reserved 1048576K
Event: 3.923 GC heap after
Heap after GC invocations=5 (full 0):
 PSYoungGen      total 68608K, used 5102K [0x000000076ab00000, 0x000000076f300000, 0x00000007c0000000)
  eden space 63488K, 0% used [0x000000076ab00000,0x000000076ab00000,0x000000076e900000)
  from space 5120K, 99% used [0x000000076e900000,0x000000076edfb858,0x000000076ee00000)
  to   space 5120K, 0% used [0x000000076ee00000,0x000000076ee00000,0x000000076f300000)
 ParOldGen       total 84992K, used 23568K [0x00000006c0000000, 0x00000006c5300000, 0x000000076ab00000)
  object space 84992K, 27% used [0x00000006c0000000,0x00000006c1704328,0x00000006c5300000)
 Metaspace       used 5882K, capacity 7088K, committed 7296K, reserved 1056768K
  class space    used 570K, capacity 616K, committed 640K, reserved 1048576K
}

Deoptimization events (10 events):
Event: 3.510 Thread 0x00000000002ae000 Uncommon trap: reason=bimorphic action=maybe_recompile pc=0x0000000002b68e5c method=com.android.dx.rop.code.RegisterSpec.withSimpleType()Lcom/android/dx/rop/code/RegisterSpec; @ 21
Event: 3.510 Thread 0x00000000002ae000 Uncommon trap: reason=bimorphic action=maybe_recompile pc=0x0000000002b68e5c method=com.android.dx.rop.code.RegisterSpec.withSimpleType()Lcom/android/dx/rop/code/RegisterSpec; @ 21
Event: 3.510 Thread 0x00000000002ae000 Uncommon trap: reason=bimorphic action=maybe_recompile pc=0x0000000002b68e5c method=com.android.dx.rop.code.RegisterSpec.withSimpleType()Lcom/android/dx/rop/code/RegisterSpec; @ 21
Event: 3.771 Thread 0x00000000002ae000 Uncommon trap: reason=bimorphic action=maybe_recompile pc=0x0000000002bb9d3c method=com.android.dx.cf.code.BytecodeArray.parseInstruction(ILcom/android/dx/cf/code/BytecodeArray$Visitor;)I @ 971
Event: 3.771 Thread 0x00000000002ae000 Uncommon trap: reason=bimorphic action=maybe_recompile pc=0x0000000002bb9cb0 method=com.android.dx.cf.code.BytecodeArray.parseInstruction(ILcom/android/dx/cf/code/BytecodeArray$Visitor;)I @ 955
Event: 3.771 Thread 0x00000000002ae000 Uncommon trap: reason=bimorphic action=maybe_recompile pc=0x0000000002bb9d3c method=com.android.dx.cf.code.BytecodeArray.parseInstruction(ILcom/android/dx/cf/code/BytecodeArray$Visitor;)I @ 971
Event: 4.080 Thread 0x00000000002ae000 Uncommon trap: reason=class_check action=maybe_recompile pc=0x0000000002c3f9fc method=com.android.dx.cf.code.OneLocalsArray.set(ILcom/android/dx/rop/type/TypeBearer;)V @ 85
Event: 4.087 Thread 0x00000000002ae000 Uncommon trap: reason=class_check action=maybe_recompile pc=0x0000000002c3f9fc method=com.android.dx.cf.code.OneLocalsArray.set(ILcom/android/dx/rop/type/TypeBearer;)V @ 85
Event: 4.088 Thread 0x00000000002ae000 Uncommon trap: reason=class_check action=maybe_recompile pc=0x0000000002c3f9fc method=com.android.dx.cf.code.OneLocalsArray.set(ILcom/android/dx/rop/type/TypeBearer;)V @ 85
Event: 4.092 Thread 0x00000000002ae000 Uncommon trap: reason=class_check action=maybe_recompile pc=0x0000000002c3f9fc method=com.android.dx.cf.code.OneLocalsArray.set(ILcom/android/dx/rop/type/TypeBearer;)V @ 85

Internal exceptions (6 events):
Event: 0.115 Thread 0x00000000002ae000 Exception <a 'java/lang/NoSuchMethodError': Method sun.misc.Unsafe.defineClass(Ljava/lang/String;[BII)Ljava/lang/Class; name or signature does not match> (0x000000076ab11e60) thrown at [D:\re\workspace\8-2-build-windows-amd64-cygwin\jdk8u25\1677\hotspot\sr¨îCl´mΩ?
Event: 0.115 Thread 0x00000000002ae000 Exception <a 'java/lang/NoSuchMethodError': Method sun.misc.Unsafe.prefetchRead(Ljava/lang/Object;J)V name or signature does not match> (0x000000076ab120f0) thrown at [D:\re\workspace\8-2-build-windows-amd64-cygwin\jdk8u25\1677\hotspot\src\share\vm\prims\j;[Å3°˙@
Event: 2.622 Thread 0x00000000002ae000 Implicit null exception at 0x00000000027a8662 to 0x00000000027a875a
Event: 2.982 Thread 0x00000000002ae000 Exception <a 'java/lang/ArrayIndexOutOfBoundsException': 18> (0x000000076b4166e0) thrown at [D:\re\workspace\8-2-build-windows-amd64-cygwin\jdk8u25\1677\hotspot\src\share\vm\interpreter\interpreterRuntime.cpp, line 366]
Event: 2.982 Thread 0x00000000002ae000 Exception <a 'java/lang/ArrayIndexOutOfBoundsException': 145> (0x000000076b418178) thrown at [D:\re\workspace\8-2-build-windows-amd64-cygwin\jdk8u25\1677\hotspot\src\share\vm\interpreter\interpreterRuntime.cpp, line 366]
Event: 3.072 Thread 0x00000000002ae000 Exception <a 'java/lang/ArrayIndexOutOfBoundsException'> (0x000000076b419390) thrown at [D:\re\workspace\8-2-build-windows-amd64-cygwin\jdk8u25\1677\hotspot\src\share\vm\runtime\sharedRuntime.cpp, line 604]

Events (10 events):
Event: 4.081 Thread 0x00000000002ae000 DEOPT UNPACKING pc=0x00000000025475bf sp=0x000000000222e640 mode 0
Event: 4.087 Thread 0x00000000002ae000 Uncommon trap: trap_request=0xffffffde fr.pc=0x0000000002c3f9fc
Event: 4.087 Thread 0x00000000002ae000 DEOPT PACKING pc=0x0000000002c3f9fc sp=0x000000000222d680
Event: 4.087 Thread 0x00000000002ae000 DEOPT UNPACKING pc=0x000000000254556a sp=0x000000000222d548 mode 2
Event: 4.088 Thread 0x00000000002ae000 Uncommon trap: trap_request=0xffffffde fr.pc=0x0000000002c3f9fc
Event: 4.088 Thread 0x00000000002ae000 DEOPT PACKING pc=0x0000000002c3f9fc sp=0x000000000222d680
Event: 4.088 Thread 0x00000000002ae000 DEOPT UNPACKING pc=0x000000000254556a sp=0x000000000222d548 mode 2
Event: 4.092 Thread 0x00000000002ae000 Uncommon trap: trap_request=0xffffffde fr.pc=0x0000000002c3f9fc
Event: 4.092 Thread 0x00000000002ae000 DEOPT PACKING pc=0x0000000002c3f9fc sp=0x000000000222d680
Event: 4.092 Thread 0x00000000002ae000 DEOPT UNPACKING pc=0x000000000254556a sp=0x000000000222d548 mode 2


Dynamic libraries:
0x000000013fb70000 - 0x000000013fba4000 	C:\PROGRA~1\Java\JRE18~2.0_2\bin\java.exe
0x0000000077190000 - 0x0000000077339000 	C:\Windows\SYSTEM32\ntdll.dll
0x0000000077070000 - 0x000000007718f000 	C:\Windows\system32\kernel32.dll
0x000007fefcfa0000 - 0x000007fefd00c000 	C:\Windows\system32\KERNELBASE.dll
0x000007fefd780000 - 0x000007fefd85b000 	C:\Windows\system32\ADVAPI32.dll
0x000007fefd970000 - 0x000007fefda0f000 	C:\Windows\system32\msvcrt.dll
0x000007fefdab0000 - 0x000007fefdacf000 	C:\Windows\SYSTEM32\sechost.dll
0x000007feff040000 - 0x000007feff16d000 	C:\Windows\system32\RPCRT4.dll
0x0000000076f70000 - 0x000000007706a000 	C:\Windows\system32\USER32.dll
0x000007fefd6c0000 - 0x000007fefd727000 	C:\Windows\system32\GDI32.dll
0x000007fefdad0000 - 0x000007fefdade000 	C:\Windows\system32\LPK.dll
0x000007feff1c0000 - 0x000007feff289000 	C:\Windows\system32\USP10.dll
0x000007fefbb50000 - 0x000007fefbd44000 	C:\Windows\WinSxS\amd64_microsoft.windows.common-controls_6595b64144ccf1df_6.0.7601.17514_none_fa396087175ac9ac\COMCTL32.dll
0x000007fefdb80000 - 0x000007fefdbf1000 	C:\Windows\system32\SHLWAPI.dll
0x000007fefd730000 - 0x000007fefd75e000 	C:\Windows\system32\IMM32.DLL
0x000007fefd860000 - 0x000007fefd969000 	C:\Windows\system32\MSCTF.dll
0x000000005af10000 - 0x000000005afe2000 	C:\PROGRA~1\Java\JRE18~2.0_2\bin\msvcr100.dll
0x000000005cd50000 - 0x000000005d5aa000 	C:\PROGRA~1\Java\JRE18~2.0_2\bin\server\jvm.dll
0x000007fef0980000 - 0x000007fef0989000 	C:\Windows\system32\WSOCK32.dll
0x000007feff170000 - 0x000007feff1bd000 	C:\Windows\system32\WS2_32.dll
0x000007fefec00000 - 0x000007fefec08000 	C:\Windows\system32\NSI.dll
0x000007fef5b50000 - 0x000007fef5b8b000 	C:\Windows\system32\WINMM.dll
0x0000000077360000 - 0x0000000077367000 	C:\Windows\system32\PSAPI.DLL
0x000000006cef0000 - 0x000000006ceff000 	C:\PROGRA~1\Java\JRE18~2.0_2\bin\verify.dll
0x0000000068b40000 - 0x0000000068b68000 	C:\PROGRA~1\Java\JRE18~2.0_2\bin\java.dll
0x0000000069470000 - 0x0000000069486000 	C:\PROGRA~1\Java\JRE18~2.0_2\bin\zip.dll
0x000007fefdc60000 - 0x000007fefe9e8000 	C:\Windows\system32\SHELL32.dll
0x000007fefe9f0000 - 0x000007fefebf3000 	C:\Windows\system32\ole32.dll
0x000007fefcf60000 - 0x000007fefcf6f000 	C:\Windows\system32\profapi.dll
0x000007fefa570000 - 0x000007fefa695000 	C:\Windows\system32\dbghelp.dll

VM Arguments:
jvm_args: -Xmx4g -Xss1m -Djava.ext.dirs=C:\Users\¿ÚÂÏ\AppData\Local\Android\sdk\build-tools\21.1.2\lib 
java_command: C:\Users\¿ÚÂÏ\AppData\Local\Android\sdk\build-tools\21.1.2\lib\dx.jar --dex --force-jumbo --output D:\projects\AndroidStudioWorkspace\HandyBoy\Handyboy\build\intermediates\pre-dexed\debug\android-support-v4-4dcc8dad236751e44a4b3416890fbffe2b3966ff.jar D:\projects\AndroidStudioWorkspace\HandyBoy\Handyboy\build\intermediates\exploded-aar\HandyBoy\Aviary-SDK\unspecified\libs\android-support-v4.jar
java_class_path (initial): C:\Users\¿ÚÂÏ\AppData\Local\Android\sdk\build-tools\21.1.2\lib\dx.jar
Launcher Type: SUN_STANDARD

Environment Variables:
JAVA_HOME=C:\Program Files\Java\jdk1.8.0_25
PATH=C:\ProgramData\Oracle\Java\javapath;C:\Windows\system32;C:\Windows;C:\Windows\System32\Wbem;C:\Windows\System32\WindowsPowerShell\v1.0\;C:\Program Files (x86)\Common Files\Acronis\SnapAPI\;C:\Program Files\TortoiseSVN\bin
USERNAME=¿ÚÂÏ
OS=Windows_NT
PROCESSOR_IDENTIFIER=Intel64 Family 6 Model 58 Stepping 9, GenuineIntel



---------------  S Y S T E M  ---------------

OS: Windows 7 , 64 bit Build 7601 Service Pack 1

CPU:total 4 (4 cores per cpu, 1 threads per core) family 6 model 58 stepping 9, cmov, cx8, fxsr, mmx, sse, sse2, sse3, ssse3, sse4.1, sse4.2, popcnt, avx, aes, clmul, erms, tsc, tscinvbit, tscinv

Memory: 4k page, physical 8107248k(1336744k free), swap 8105388k(5420k free)

vm_info: Java HotSpot(TM) 64-Bit Server VM (25.25-b02) for windows-amd64 JRE (1.8.0_25-b18), built on Oct  7 2014 14:25:37 by "java_re" with MS VC++ 10.0 (VS2010)

time: Fri Jan 23 17:44:30 2015
elapsed time: 4 seconds (0d 0h 0m 4s)

